AbstractWindow.obj : error LNK2019: ссылка на неразрешенный внешний символ _SDL_CreateWindow в функции "public: void __thiscall CAbstractWindow::Impl::Show(struct glm::tvec2<int,0> const &)" (?Show@Impl@CAbstractWindow@@QAEXABU?$tvec2@H$0A@@glm@@@Z)
AbstractWindow.obj : error LNK2019: ссылка на неразрешенный внешний символ _SDL_DestroyWindow в функции "public: __thiscall CAbstractWindow::Impl::Impl(void)" (??0Impl@CAbstractWindow@@QAE@XZ)
AbstractWindow.obj : error LNK2019: ссылка на неразрешенный внешний символ _SDL_GL_SetAttribute в функции "public: void __thiscall CAbstractWindow::Impl::Show(struct glm::tvec2<int,0> const &)" (?Show@Impl@CAbstractWindow@@QAEXABU?$tvec2@H$0A@@glm@@@Z)
AbstractWindow.obj : error LNK2019: ссылка на неразрешенный внешний символ _SDL_GL_CreateContext в функции "public: void __thiscall CAbstractWindow::Impl::Show(struct glm::tvec2<int,0> const &)" (?Show@Impl@CAbstractWindow@@QAEXABU?$tvec2@H$0A@@glm@@@Z)
AbstractWindow.obj : error LNK2019: ссылка на неразрешенный внешний символ _SDL_GL_SwapWindow в функции "public: void __thiscall CAbstractWindow::Impl::SwapBuffers(void)const " (?SwapBuffers@Impl@CAbstractWindow@@QBEXXZ)
AbstractWindow.obj : error LNK2019: ссылка на неразрешенный внешний символ _SDL_GL_DeleteContext в функции "public: __thiscall CAbstractWindow::Impl::Impl(void)" (??0Impl@CAbstractWindow@@QAE@XZ)
AbstractWindow.obj : error LNK2019: ссылка на неразрешенный внешний символ _SDL_PollEvent в функции "public: void __thiscall CAbstractWindow::DoGameLoop(void)" (?DoGameLoop@CAbstractWindow@@QAEXXZ)
AbstractWindow.obj : error LNK2019: ссылка на неразрешенный внешний символ __imp__glClear@4 в функции "public: void __thiscall CAbstractWindow::Impl::Clear(void)const " (?Clear@Impl@CAbstractWindow@@QBEXXZ)
AbstractWindow.obj : error LNK2019: ссылка на неразрешенный внешний символ __imp__glClearColor@16 в функции "public: void __thiscall CAbstractWindow::Impl::Clear(void)const " (?Clear@Impl@CAbstractWindow@@QBEXXZ)
AbstractWindow.obj : error LNK2019: ссылка на неразрешенный внешний символ __imp__glGetError@0 в функции "public: void __thiscall CAbstractWindow::Impl::DumpGLErrors(void)" (?DumpGLErrors@Impl@CAbstractWindow@@QAEXXZ)
AbstractWindow.obj : error LNK2019: ссылка на неразрешенный внешний символ __imp__glewInit@0 в функции "public: void __thiscall <lambda_25f42b891291332c8f1adeb64fe6914e>::operator()(void)const " (??R<lambda_25f42b891291332c8f1adeb64fe6914e>@@QBEXXZ)
ConsoleApplication1.obj : error LNK2001: неразрешенный внешний символ "__imp__glewInit@0"
AbstractWindow.obj : error LNK2001: неразрешенный внешний символ "__imp__glewExperimental"
Hedgehog.obj : error LNK2019: ссылка на неразрешенный внешний символ __imp__glBegin@4 в функции "void __cdecl `anonymous namespace'::FillEllipse(float,float,float,float,int)" (?FillEllipse@?A0xfd8283cf@@YAXMMMMH@Z)
Hedgehog.obj : error LNK2019: ссылка на неразрешенный внешний символ __imp__glColor3f@12 в функции "void __cdecl glColor3fRGB(float,float,float)" (?glColor3fRGB@@YAXMMM@Z)
Hedgehog.obj : error LNK2019: ссылка на неразрешенный внешний символ __imp__glEnd@0 в функции "void __cdecl `anonymous namespace'::FillEllipse(float,float,float,float,int)" (?FillEllipse@?A0xfd8283cf@@YAXMMMMH@Z)
Hedgehog.obj : error LNK2019: ссылка на неразрешенный внешний символ __imp__glLoadIdentity@0 в функции "public: void __thiscall CHedgehog::Draw(void)" (?Draw@CHedgehog@@QAEXXZ)
Hedgehog.obj : error LNK2019: ссылка на неразрешенный внешний символ __imp__glVertex2f@8 в функции "void __cdecl `anonymous namespace'::FillEllipse(float,float,float,float,int)" (?FillEllipse@?A0xfd8283cf@@YAXMMMMH@Z)
Window.obj : error LNK2019: ссылка на неразрешенный внешний символ __imp__glLoadMatrixf@4 в функции "private: void __thiscall CWindow::SetupView(struct glm::tvec2<int,0> const &)" (?SetupView@CWindow@@AAEXABU?$tvec2@H$0A@@glm@@@Z)
Window.obj : error LNK2019: ссылка на неразрешенный внешний символ __imp__glMatrixMode@4 в функции "private: void __thiscall CWindow::SetupView(struct glm::tvec2<int,0> const &)" (?SetupView@CWindow@@AAEXABU?$tvec2@H$0A@@glm@@@Z)
Window.obj : error LNK2019: ссылка на неразрешенный внешний символ __imp__glTranslatef@12 в функции "protected: virtual void __thiscall CWindow::OnDrawWindow(struct glm::tvec2<int,0> const &)" (?OnDrawWindow@CWindow@@MAEXABU?$tvec2@H$0A@@glm@@@Z)
Window.obj : error LNK2019: ссылка на неразрешенный внешний символ __imp__glViewport@16 в функции "private: void __thiscall CWindow::SetupView(struct glm::tvec2<int,0> const &)" (?SetupView@CWindow@@AAEXABU?$tvec2@H$0A@@glm@@@Z)
MSVCRTD.lib(exe_main.obj) : error LNK2019: ссылка на неразрешенный внешний символ _main в функции "int __cdecl invoke_main(void)" (?invoke_main@@YAHXZ)
D:\projects\cg\lab1\lab1.2\Debug\ConsoleApplication1.exe : fatal error LNK1120: неразрешенных внешних элементов: 22
