d:\projects\cg\lab1\lab1.2\release\consoleapplication1.pch
d:\projects\cg\lab1\lab1.2\release\vc140.pdb
d:\projects\cg\lab1\lab1.2\release\stdafx.obj
d:\projects\cg\lab1\lab1.2\release\window.obj
d:\projects\cg\lab1\lab1.2\release\hedgehog.obj
d:\projects\cg\lab1\lab1.2\release\dispatchevent.obj
d:\projects\cg\lab1\lab1.2\release\consoleapplication1.obj
d:\projects\cg\lab1\lab1.2\release\abstractwindow.obj
d:\projects\cg\lab1\lab1.2\release\consoleapplication1.exe
d:\projects\cg\lab1\lab1.2\release\consoleapplication1.ipdb
d:\projects\cg\lab1\lab1.2\release\consoleapplication1.iobj
d:\projects\cg\lab1\lab1.2\release\consoleapplication1.pdb
d:\projects\cg\lab1\lab1.2\release\consolea.07769964.tlog\cl.command.1.tlog
d:\projects\cg\lab1\lab1.2\release\consolea.07769964.tlog\cl.read.1.tlog
d:\projects\cg\lab1\lab1.2\release\consolea.07769964.tlog\cl.write.1.tlog
d:\projects\cg\lab1\lab1.2\release\consolea.07769964.tlog\link.command.1.tlog
d:\projects\cg\lab1\lab1.2\release\consolea.07769964.tlog\link.read.1.tlog
d:\projects\cg\lab1\lab1.2\release\consolea.07769964.tlog\link.write.1.tlog
d:\projects\cg\lab1\lab1.2\release\consolea.07769964.tlog\metagen.read.1.tlog
d:\projects\cg\lab1\lab1.2\release\consolea.07769964.tlog\metagen.write.1.tlog
d:\projects\cg\lab1\lab1.2\release\consolea.07769964.tlog\rsaenh.dll.bi
d:\projects\cg\lab1\lab1.2\release\consolea.07769964.tlog\tzres.dll.bi
